<?xml version="1.0" encoding="UTF-8"?>
<testsuite name="InvoiceServiceTest" tests="1" skipped="0" failures="0" errors="0" timestamp="2021-05-13T04:50:08" hostname="LAPTOP-Q9T3UUC8" time="0.027">
  <properties/>
  <testcase name="givenDistanceAndTimeShouldReturnTotalFare()" classname="InvoiceServiceTest" time="0.027"/>
  <system-out><![CDATA[]]></system-out>
  <system-err><![CDATA[]]></system-err>
</testsuite>
