<?xml version="1.0" encoding="UTF-8"?>
<testsuite name="InvoiceServiceTest" tests="1" skipped="0" failures="0" errors="0" timestamp="2021-05-13T05:31:46" hostname="LAPTOP-Q9T3UUC8" time="0.037">
  <properties/>
  <testcase name="givenDistanceAndTimeShouldReturnTotalFare()" classname="InvoiceServiceTest" time="0.037"/>
  <system-out><![CDATA[Total Fare is : Rs. 25.0
]]></system-out>
  <system-err><![CDATA[]]></system-err>
</testsuite>
