<?xml version="1.0" encoding="UTF-8"?>
<testsuite name="InvoiceServiceTest" tests="1" skipped="0" failures="0" errors="0" timestamp="2021-05-13T05:52:47" hostname="LAPTOP-Q9T3UUC8" time="0.025">
  <properties/>
  <testcase name="givenLessDistanceOrTime_ShouldReturnMinimumFare()" classname="InvoiceServiceTest" time="0.025"/>
  <system-out><![CDATA[Total Fare is : Rs. 5.0
]]></system-out>
  <system-err><![CDATA[]]></system-err>
</testsuite>
